<?xml version="1.0" encoding="UTF-8"?>
<!-- Generated by org.testng.reporters.JUnitReportReporter -->
<testsuite skipped="1" hostname="Rezadmin" name="com.rezgateway.automation.tourmapper.AV_SC_ID06_TEST" tests="9" failures="0" timestamp="12 Aug 2019 05:29:43 GMT" time="6.405" errors="0">
  <testcase name="availbilityTest" time="1.967" classname="com.rezgateway.automation.tourmapper.AV_SC_ID06_TEST"/>
  <testcase name="isAvailabileHotelName" time="0.993" classname="com.rezgateway.automation.tourmapper.AV_SC_ID06_TEST"/>
  <testcase name="testNumOfRoomsAvailbility" time="0.782" classname="com.rezgateway.automation.tourmapper.AV_SC_ID06_TEST"/>
  <testcase name="testDayWiseRateAvailability" time="0.994" classname="com.rezgateway.automation.tourmapper.AV_SC_ID06_TEST"/>
  <testcase name="isAvailableThumbNailUrl" time="0.318" classname="com.rezgateway.automation.tourmapper.AV_SC_ID06_TEST"/>
  <testcase name="testHotelCode" time="0.341" classname="com.rezgateway.automation.tourmapper.AV_SC_ID06_TEST"/>
  <testcase name="isHotelOnRequested" time="0.418" classname="com.rezgateway.automation.tourmapper.AV_SC_ID06_TEST"/>
  <testcase name="isThumbNailUrlHaveS3" time="0.592" classname="com.rezgateway.automation.tourmapper.AV_SC_ID06_TEST"/>
  <testcase name="isAvailableShortDescription" classname="com.rezgateway.automation.tourmapper.AV_SC_ID06_TEST">
    <skipped/>
  </testcase> <!-- isAvailableShortDescription -->
</testsuite> <!-- com.rezgateway.automation.tourmapper.AV_SC_ID06_TEST -->
