<?xml version="1.0" encoding="UTF-8"?>
<!-- Generated by org.testng.reporters.JUnitReportReporter -->
<testsuite skipped="1" hostname="RezAdmin-PC" name="com.rezgateway.automation.tourmapper.AV_SC_ID09_TEST" tests="9" failures="0" timestamp="15 Aug 2019 10:13:03 GMT" time="2.402" errors="0">
  <testcase name="isThumbNailUrlHaveS3" time="0.060" classname="com.rezgateway.automation.tourmapper.AV_SC_ID09_TEST"/>
  <testcase name="testDayWiseRateAvailability" time="0.060" classname="com.rezgateway.automation.tourmapper.AV_SC_ID09_TEST"/>
  <testcase name="testNumOfRoomsAvailbility" time="0.064" classname="com.rezgateway.automation.tourmapper.AV_SC_ID09_TEST"/>
  <testcase name="isAvailabileHotelName" time="0.059" classname="com.rezgateway.automation.tourmapper.AV_SC_ID09_TEST"/>
  <testcase name="testHotelCode" time="0.053" classname="com.rezgateway.automation.tourmapper.AV_SC_ID09_TEST"/>
  <testcase name="isAvailableThumbNailUrl" time="0.106" classname="com.rezgateway.automation.tourmapper.AV_SC_ID09_TEST"/>
  <testcase name="isHotelOnRequested" time="0.078" classname="com.rezgateway.automation.tourmapper.AV_SC_ID09_TEST"/>
  <testcase name="availbilityTest" time="1.922" classname="com.rezgateway.automation.tourmapper.AV_SC_ID09_TEST"/>
  <testcase name="isAvailableShortDescription" classname="com.rezgateway.automation.tourmapper.AV_SC_ID09_TEST">
    <skipped/>
  </testcase> <!-- isAvailableShortDescription -->
</testsuite> <!-- com.rezgateway.automation.tourmapper.AV_SC_ID09_TEST -->
