<?xml version="1.0" encoding="UTF-8"?>
<!-- Generated by org.testng.reporters.JUnitReportReporter -->
<testsuite skipped="1" hostname="RezAdmin-PC" name="com.rezgateway.automation.tourmapper.AV_SC_ID05_TEST" tests="9" failures="0" timestamp="15 Aug 2019 10:13:03 GMT" time="1.366" errors="0">
  <testcase name="isHotelOnRequested" time="0.102" classname="com.rezgateway.automation.tourmapper.AV_SC_ID05_TEST"/>
  <testcase name="testNumOfRoomsAvailbility" time="0.062" classname="com.rezgateway.automation.tourmapper.AV_SC_ID05_TEST"/>
  <testcase name="isAvailableThumbNailUrl" time="0.062" classname="com.rezgateway.automation.tourmapper.AV_SC_ID05_TEST"/>
  <testcase name="testDayWiseRateAvailability" time="0.059" classname="com.rezgateway.automation.tourmapper.AV_SC_ID05_TEST"/>
  <testcase name="availbilityTest" time="0.919" classname="com.rezgateway.automation.tourmapper.AV_SC_ID05_TEST"/>
  <testcase name="isAvailabileHotelName" time="0.055" classname="com.rezgateway.automation.tourmapper.AV_SC_ID05_TEST"/>
  <testcase name="testHotelCode" time="0.052" classname="com.rezgateway.automation.tourmapper.AV_SC_ID05_TEST"/>
  <testcase name="isThumbNailUrlHaveS3" time="0.055" classname="com.rezgateway.automation.tourmapper.AV_SC_ID05_TEST"/>
  <testcase name="isAvailableShortDescription" classname="com.rezgateway.automation.tourmapper.AV_SC_ID05_TEST">
    <skipped/>
  </testcase> <!-- isAvailableShortDescription -->
</testsuite> <!-- com.rezgateway.automation.tourmapper.AV_SC_ID05_TEST -->
