<?xml version="1.0" encoding="UTF-8"?>
<!-- Generated by org.testng.reporters.JUnitReportReporter -->
<testsuite skipped="1" hostname="Rezadmin" name="com.rezgateway.automation.tourmapper.AV_SC_ID08_TEST" tests="9" failures="1" timestamp="12 Aug 2019 05:29:43 GMT" time="6.324" errors="0">
  <testcase name="testDayWiseRateAvailability" time="0.903" classname="com.rezgateway.automation.tourmapper.AV_SC_ID08_TEST"/>
  <testcase name="availbilityTest" time="2.408" classname="com.rezgateway.automation.tourmapper.AV_SC_ID08_TEST"/>
  <testcase name="isThumbNailUrlHaveS3" time="0.480" classname="com.rezgateway.automation.tourmapper.AV_SC_ID08_TEST"/>
  <testcase name="testHotelCode" time="0.392" classname="com.rezgateway.automation.tourmapper.AV_SC_ID08_TEST"/>
  <testcase name="testNumOfRoomsAvailbility" time="0.361" classname="com.rezgateway.automation.tourmapper.AV_SC_ID08_TEST"/>
  <testcase name="isAvailabileHotelName" time="0.408" classname="com.rezgateway.automation.tourmapper.AV_SC_ID08_TEST"/>
  <testcase name="isHotelOnRequested" time="0.617" classname="com.rezgateway.automation.tourmapper.AV_SC_ID08_TEST">
    <failure type="java.lang.AssertionError" message="Some Hotel rooms are On requested ">
      <![CDATA[java.lang.AssertionError: Some Hotel rooms are On requested 
	at org.testng.Assert.fail(Assert.java:93)
	at com.rezgateway.automation.tourmapper.AV_SC_ID08_TEST.isHotelOnRequested(AV_SC_ID08_TEST.java:231)
	at sun.reflect.NativeMethodAccessorImpl.invoke0(Native Method)
	at sun.reflect.NativeMethodAccessorImpl.invoke(Unknown Source)
	at sun.reflect.DelegatingMethodAccessorImpl.invoke(Unknown Source)
	at java.lang.reflect.Method.invoke(Unknown Source)
	at org.testng.internal.MethodInvocationHelper.invokeMethod(MethodInvocationHelper.java:108)
	at org.testng.internal.Invoker.invokeMethod(Invoker.java:661)
	at org.testng.internal.Invoker.invokeTestMethod(Invoker.java:869)
	at org.testng.internal.Invoker.invokeTestMethods(Invoker.java:1193)
	at org.testng.internal.TestMethodWorker.invokeTestMethods(TestMethodWorker.java:126)
	at org.testng.internal.TestMethodWorker.run(TestMethodWorker.java:109)
	at java.util.concurrent.ThreadPoolExecutor.runWorker(Unknown Source)
	at java.util.concurrent.ThreadPoolExecutor$Worker.run(Unknown Source)
	at java.lang.Thread.run(Unknown Source)
]]>
    </failure>
  </testcase> <!-- isHotelOnRequested -->
  <testcase name="isAvailableThumbNailUrl" time="0.755" classname="com.rezgateway.automation.tourmapper.AV_SC_ID08_TEST"/>
  <testcase name="isAvailableShortDescription" classname="com.rezgateway.automation.tourmapper.AV_SC_ID08_TEST">
    <skipped/>
  </testcase> <!-- isAvailableShortDescription -->
</testsuite> <!-- com.rezgateway.automation.tourmapper.AV_SC_ID08_TEST -->
