<?xml version="1.0" encoding="UTF-8"?>
<!-- Generated by org.testng.reporters.JUnitReportReporter -->
<testsuite skipped="1" hostname="Rezadmin" name="com.rezgateway.automation.tourmapper.AV_SC_ID09_TEST" tests="9" failures="0" timestamp="12 Aug 2019 05:29:43 GMT" time="6.962" errors="0">
  <testcase name="availbilityTest" time="3.292" classname="com.rezgateway.automation.tourmapper.AV_SC_ID09_TEST"/>
  <testcase name="isThumbNailUrlHaveS3" time="0.434" classname="com.rezgateway.automation.tourmapper.AV_SC_ID09_TEST"/>
  <testcase name="isAvailabileHotelName" time="0.462" classname="com.rezgateway.automation.tourmapper.AV_SC_ID09_TEST"/>
  <testcase name="isHotelOnRequested" time="0.275" classname="com.rezgateway.automation.tourmapper.AV_SC_ID09_TEST"/>
  <testcase name="testDayWiseRateAvailability" time="0.642" classname="com.rezgateway.automation.tourmapper.AV_SC_ID09_TEST"/>
  <testcase name="isAvailableThumbNailUrl" time="0.495" classname="com.rezgateway.automation.tourmapper.AV_SC_ID09_TEST"/>
  <testcase name="testHotelCode" time="0.389" classname="com.rezgateway.automation.tourmapper.AV_SC_ID09_TEST"/>
  <testcase name="testNumOfRoomsAvailbility" time="0.973" classname="com.rezgateway.automation.tourmapper.AV_SC_ID09_TEST"/>
  <testcase name="isAvailableShortDescription" classname="com.rezgateway.automation.tourmapper.AV_SC_ID09_TEST">
    <skipped/>
  </testcase> <!-- isAvailableShortDescription -->
</testsuite> <!-- com.rezgateway.automation.tourmapper.AV_SC_ID09_TEST -->
