<?xml version="1.0" encoding="UTF-8"?>
<!-- Generated by org.testng.reporters.JUnitReportReporter -->
<testsuite skipped="1" hostname="Rezadmin" name="com.rezgateway.automation.tourmapper.AV_SC_ID05_TEST" tests="9" failures="0" timestamp="12 Aug 2019 05:29:43 GMT" time="9.175" errors="0">
  <testcase name="isThumbNailUrlHaveS3" time="0.494" classname="com.rezgateway.automation.tourmapper.AV_SC_ID05_TEST"/>
  <testcase name="testNumOfRoomsAvailbility" time="0.887" classname="com.rezgateway.automation.tourmapper.AV_SC_ID05_TEST"/>
  <testcase name="isHotelOnRequested" time="0.444" classname="com.rezgateway.automation.tourmapper.AV_SC_ID05_TEST"/>
  <testcase name="availbilityTest" time="4.901" classname="com.rezgateway.automation.tourmapper.AV_SC_ID05_TEST"/>
  <testcase name="isAvailabileHotelName" time="0.620" classname="com.rezgateway.automation.tourmapper.AV_SC_ID05_TEST"/>
  <testcase name="testHotelCode" time="1.049" classname="com.rezgateway.automation.tourmapper.AV_SC_ID05_TEST"/>
  <testcase name="isAvailableThumbNailUrl" time="0.310" classname="com.rezgateway.automation.tourmapper.AV_SC_ID05_TEST"/>
  <testcase name="testDayWiseRateAvailability" time="0.470" classname="com.rezgateway.automation.tourmapper.AV_SC_ID05_TEST"/>
  <testcase name="isAvailableShortDescription" classname="com.rezgateway.automation.tourmapper.AV_SC_ID05_TEST">
    <skipped/>
  </testcase> <!-- isAvailableShortDescription -->
</testsuite> <!-- com.rezgateway.automation.tourmapper.AV_SC_ID05_TEST -->
