<?xml version="1.0" encoding="UTF-8"?>
<!-- Generated by org.testng.reporters.JUnitReportReporter -->
<testsuite skipped="1" hostname="Rezadmin" name="com.rezgateway.automation.tourmapper.AV_SC_ID10_TEST" tests="9" failures="0" timestamp="12 Aug 2019 05:29:43 GMT" time="4.661" errors="0">
  <testcase name="isHotelOnRequested" time="0.597" classname="com.rezgateway.automation.tourmapper.AV_SC_ID10_TEST"/>
  <testcase name="availbilityTest" time="0.774" classname="com.rezgateway.automation.tourmapper.AV_SC_ID10_TEST"/>
  <testcase name="isThumbNailUrlHaveS3" time="0.425" classname="com.rezgateway.automation.tourmapper.AV_SC_ID10_TEST"/>
  <testcase name="testDayWiseRateAvailability" time="1.197" classname="com.rezgateway.automation.tourmapper.AV_SC_ID10_TEST"/>
  <testcase name="testHotelCode" time="0.411" classname="com.rezgateway.automation.tourmapper.AV_SC_ID10_TEST"/>
  <testcase name="testNumOfRoomsAvailbility" time="0.343" classname="com.rezgateway.automation.tourmapper.AV_SC_ID10_TEST"/>
  <testcase name="isAvailabileHotelName" time="0.591" classname="com.rezgateway.automation.tourmapper.AV_SC_ID10_TEST"/>
  <testcase name="isAvailableThumbNailUrl" time="0.323" classname="com.rezgateway.automation.tourmapper.AV_SC_ID10_TEST"/>
  <testcase name="isAvailableShortDescription" classname="com.rezgateway.automation.tourmapper.AV_SC_ID10_TEST">
    <skipped/>
  </testcase> <!-- isAvailableShortDescription -->
</testsuite> <!-- com.rezgateway.automation.tourmapper.AV_SC_ID10_TEST -->
