<?xml version="1.0" encoding="UTF-8"?>
<!-- Generated by org.testng.reporters.JUnitReportReporter -->
<testsuite skipped="2" hostname="Rezadmin" name="com.rezgateway.automation.tourmapper.AV_SC_ID12_TEST" tests="9" failures="0" timestamp="12 Aug 2019 05:29:43 GMT" time="5.032" errors="0">
  <testcase name="isAvailabileHotelName" time="0.863" classname="com.rezgateway.automation.tourmapper.AV_SC_ID12_TEST"/>
  <testcase name="testDayWiseRateAvailability" time="0.507" classname="com.rezgateway.automation.tourmapper.AV_SC_ID12_TEST"/>
  <testcase name="isHotelOnRequested" time="0.215" classname="com.rezgateway.automation.tourmapper.AV_SC_ID12_TEST"/>
  <testcase name="availbilityTest" time="1.402" classname="com.rezgateway.automation.tourmapper.AV_SC_ID12_TEST"/>
  <testcase name="isThumbNailUrlHaveS3" time="0.735" classname="com.rezgateway.automation.tourmapper.AV_SC_ID12_TEST"/>
  <testcase name="isAvailableThumbNailUrl" time="0.806" classname="com.rezgateway.automation.tourmapper.AV_SC_ID12_TEST"/>
  <testcase name="testNumOfRoomsAvailbility" time="0.504" classname="com.rezgateway.automation.tourmapper.AV_SC_ID12_TEST"/>
  <testcase name="isAvailableShortDescription" classname="com.rezgateway.automation.tourmapper.AV_SC_ID12_TEST">
    <skipped/>
  </testcase> <!-- isAvailableShortDescription -->
  <testcase name="testHotelCode" classname="com.rezgateway.automation.tourmapper.AV_SC_ID12_TEST">
    <skipped/>
  </testcase> <!-- testHotelCode -->
</testsuite> <!-- com.rezgateway.automation.tourmapper.AV_SC_ID12_TEST -->
