<?xml version="1.0" encoding="UTF-8"?>
<!-- Generated by org.testng.reporters.JUnitReportReporter -->
<testsuite skipped="2" hostname="RezAdmin-PC" name="com.rezgateway.automation.tourmapper.AV_SC_ID12_TEST" tests="9" failures="0" timestamp="15 Aug 2019 10:13:03 GMT" time="1.134" errors="0">
  <testcase name="isHotelOnRequested" time="0.073" classname="com.rezgateway.automation.tourmapper.AV_SC_ID12_TEST"/>
  <testcase name="isAvailabileHotelName" time="0.091" classname="com.rezgateway.automation.tourmapper.AV_SC_ID12_TEST"/>
  <testcase name="testDayWiseRateAvailability" time="0.059" classname="com.rezgateway.automation.tourmapper.AV_SC_ID12_TEST"/>
  <testcase name="availbilityTest" time="0.691" classname="com.rezgateway.automation.tourmapper.AV_SC_ID12_TEST"/>
  <testcase name="isAvailableThumbNailUrl" time="0.074" classname="com.rezgateway.automation.tourmapper.AV_SC_ID12_TEST"/>
  <testcase name="isThumbNailUrlHaveS3" time="0.076" classname="com.rezgateway.automation.tourmapper.AV_SC_ID12_TEST"/>
  <testcase name="testNumOfRoomsAvailbility" time="0.070" classname="com.rezgateway.automation.tourmapper.AV_SC_ID12_TEST"/>
  <testcase name="isAvailableShortDescription" classname="com.rezgateway.automation.tourmapper.AV_SC_ID12_TEST">
    <skipped/>
  </testcase> <!-- isAvailableShortDescription -->
  <testcase name="testHotelCode" classname="com.rezgateway.automation.tourmapper.AV_SC_ID12_TEST">
    <skipped/>
  </testcase> <!-- testHotelCode -->
</testsuite> <!-- com.rezgateway.automation.tourmapper.AV_SC_ID12_TEST -->
